<?xml version="1.0" encoding="UTF-8"?>
<testng-results ignored="0" total="4" passed="4" failed="0" skipped="0">
  <reporter-output>
  </reporter-output>
  <suite started-at="2024-10-06T20:50:09 EDT" name="Suite" finished-at="2024-10-06T20:50:22 EDT" duration-ms="12403">
    <groups>
      <group name="Master">
        <method signature="AccountRegistrationTest.validateAccountRegistration()[pri:0, instance:testCases.AccountRegistrationTest@758705fa]" name="validateAccountRegistration" class="testCases.AccountRegistrationTest"/>
        <method signature="LoginTest.validateLogin()[pri:0, instance:testCases.LoginTest@604c5de8]" name="validateLogin" class="testCases.LoginTest"/>
      </group> <!-- Master -->
      <group name="Sanity">
        <method signature="AccountRegistrationTest.validateAccountRegistration()[pri:0, instance:testCases.AccountRegistrationTest@758705fa]" name="validateAccountRegistration" class="testCases.AccountRegistrationTest"/>
      </group> <!-- Sanity -->
      <group name="Regression">
        <method signature="LoginTest.validateLogin()[pri:0, instance:testCases.LoginTest@604c5de8]" name="validateLogin" class="testCases.LoginTest"/>
      </group> <!-- Regression -->
    </groups>
    <test started-at="2024-10-06T20:50:09 EDT" name="Test" finished-at="2024-10-06T20:50:22 EDT" duration-ms="12403">
      <class name="testCases.LoginTest">
        <test-method is-config="true" signature="setup(java.lang.String,java.lang.String)[pri:0, instance:testCases.LoginTest@604c5de8]" started-at="2024-10-06T20:50:16 EDT" name="setup" finished-at="2024-10-06T20:50:20 EDT" duration-ms="3758" status="PASS">
          <params>
            <param index="0">
              <value>
                <![CDATA[Windows]]>
              </value>
            </param>
            <param index="1">
              <value>
                <![CDATA[chrome]]>
              </value>
            </param>
          </params>
          <reporter-output>
          </reporter-output>
        </test-method> <!-- setup -->
        <test-method signature="validateLogin()[pri:0, instance:testCases.LoginTest@604c5de8]" started-at="2024-10-06T20:50:20 EDT" name="validateLogin" finished-at="2024-10-06T20:50:21 EDT" duration-ms="1606" status="PASS">
          <reporter-output>
          </reporter-output>
        </test-method> <!-- validateLogin -->
        <test-method is-config="true" signature="tearDown()[pri:0, instance:testCases.LoginTest@604c5de8]" started-at="2024-10-06T20:50:21 EDT" name="tearDown" finished-at="2024-10-06T20:50:22 EDT" duration-ms="178" status="PASS">
          <reporter-output>
          </reporter-output>
        </test-method> <!-- tearDown -->
      </class> <!-- testCases.LoginTest -->
      <class name="testCases.AccountRegistrationTest">
        <test-method is-config="true" signature="setup(java.lang.String,java.lang.String)[pri:0, instance:testCases.AccountRegistrationTest@758705fa]" started-at="2024-10-06T20:50:09 EDT" name="setup" finished-at="2024-10-06T20:50:14 EDT" duration-ms="4199" status="PASS">
          <params>
            <param index="0">
              <value>
                <![CDATA[Windows]]>
              </value>
            </param>
            <param index="1">
              <value>
                <![CDATA[chrome]]>
              </value>
            </param>
          </params>
          <reporter-output>
          </reporter-output>
        </test-method> <!-- setup -->
        <test-method signature="validateAccountRegistration()[pri:0, instance:testCases.AccountRegistrationTest@758705fa]" started-at="2024-10-06T20:50:14 EDT" name="validateAccountRegistration" finished-at="2024-10-06T20:50:16 EDT" duration-ms="2250" status="PASS">
          <reporter-output>
          </reporter-output>
        </test-method> <!-- validateAccountRegistration -->
        <test-method is-config="true" signature="tearDown()[pri:0, instance:testCases.AccountRegistrationTest@758705fa]" started-at="2024-10-06T20:50:16 EDT" name="tearDown" finished-at="2024-10-06T20:50:16 EDT" duration-ms="181" status="PASS">
          <reporter-output>
          </reporter-output>
        </test-method> <!-- tearDown -->
      </class> <!-- testCases.AccountRegistrationTest -->
    </test> <!-- Test -->
  </suite> <!-- Suite -->
  <suite started-at="2024-10-06T20:50:22 EDT" name="Suite (0)" finished-at="2024-10-06T20:50:35 EDT" duration-ms="12289">
    <groups>
      <group name="Master">
        <method signature="AccountRegistrationTest.validateAccountRegistration()[pri:0, instance:testCases.AccountRegistrationTest@6d23017e]" name="validateAccountRegistration" class="testCases.AccountRegistrationTest"/>
        <method signature="LoginTest.validateLogin()[pri:0, instance:testCases.LoginTest@54dcfa5a]" name="validateLogin" class="testCases.LoginTest"/>
      </group> <!-- Master -->
      <group name="Sanity">
        <method signature="AccountRegistrationTest.validateAccountRegistration()[pri:0, instance:testCases.AccountRegistrationTest@6d23017e]" name="validateAccountRegistration" class="testCases.AccountRegistrationTest"/>
      </group> <!-- Sanity -->
      <group name="Regression">
        <method signature="LoginTest.validateLogin()[pri:0, instance:testCases.LoginTest@54dcfa5a]" name="validateLogin" class="testCases.LoginTest"/>
      </group> <!-- Regression -->
    </groups>
    <test started-at="2024-10-06T20:50:22 EDT" name="Test" finished-at="2024-10-06T20:50:35 EDT" duration-ms="12289">
      <class name="testCases.LoginTest">
        <test-method is-config="true" signature="setup(java.lang.String,java.lang.String)[pri:0, instance:testCases.LoginTest@54dcfa5a]" started-at="2024-10-06T20:50:29 EDT" name="setup" finished-at="2024-10-06T20:50:33 EDT" duration-ms="3741" status="PASS">
          <params>
            <param index="0">
              <value>
                <![CDATA[Windows]]>
              </value>
            </param>
            <param index="1">
              <value>
                <![CDATA[chrome]]>
              </value>
            </param>
          </params>
          <reporter-output>
          </reporter-output>
        </test-method> <!-- setup -->
        <test-method signature="validateLogin()[pri:0, instance:testCases.LoginTest@54dcfa5a]" started-at="2024-10-06T20:50:33 EDT" name="validateLogin" finished-at="2024-10-06T20:50:34 EDT" duration-ms="1607" status="PASS">
          <reporter-output>
          </reporter-output>
        </test-method> <!-- validateLogin -->
        <test-method is-config="true" signature="tearDown()[pri:0, instance:testCases.LoginTest@54dcfa5a]" started-at="2024-10-06T20:50:34 EDT" name="tearDown" finished-at="2024-10-06T20:50:35 EDT" duration-ms="214" status="PASS">
          <reporter-output>
          </reporter-output>
        </test-method> <!-- tearDown -->
      </class> <!-- testCases.LoginTest -->
      <class name="testCases.AccountRegistrationTest">
        <test-method is-config="true" signature="setup(java.lang.String,java.lang.String)[pri:0, instance:testCases.AccountRegistrationTest@6d23017e]" started-at="2024-10-06T20:50:22 EDT" name="setup" finished-at="2024-10-06T20:50:26 EDT" duration-ms="3835" status="PASS">
          <params>
            <param index="0">
              <value>
                <![CDATA[Windows]]>
              </value>
            </param>
            <param index="1">
              <value>
                <![CDATA[chrome]]>
              </value>
            </param>
          </params>
          <reporter-output>
          </reporter-output>
        </test-method> <!-- setup -->
        <test-method signature="validateAccountRegistration()[pri:0, instance:testCases.AccountRegistrationTest@6d23017e]" started-at="2024-10-06T20:50:26 EDT" name="validateAccountRegistration" finished-at="2024-10-06T20:50:29 EDT" duration-ms="2680" status="PASS">
          <reporter-output>
          </reporter-output>
        </test-method> <!-- validateAccountRegistration -->
        <test-method is-config="true" signature="tearDown()[pri:0, instance:testCases.AccountRegistrationTest@6d23017e]" started-at="2024-10-06T20:50:29 EDT" name="tearDown" finished-at="2024-10-06T20:50:29 EDT" duration-ms="207" status="PASS">
          <reporter-output>
          </reporter-output>
        </test-method> <!-- tearDown -->
      </class> <!-- testCases.AccountRegistrationTest -->
    </test> <!-- Test -->
  </suite> <!-- Suite (0) -->
</testng-results>
